  ofxCsv.cpp
  ofxCsvRow.cpp
  ofxBaseGui.cpp
  ofxButton.cpp
  ofxGuiGroup.cpp
  ofxLabel.cpp
  ofxPanel.cpp
  ofxSlider.cpp
  ofxSliderGroup.cpp
  ofxToggle.cpp
  ofxTCPClient.cpp
  ofxTCPManager.cpp
  ofxTCPServer.cpp
  ofxUDPManager.cpp
  IpEndpointName.cpp
  NetworkingUtils.cpp
..\..\..\addons\ofxOsc\libs\oscpack\src\ip\IpEndpointName.cpp(54): warning C4996: 'sprintf': This function or variable may be unsafe. Consider using sprintf_s instead. To disable deprecation, use _CRT_SECURE_NO_WARNINGS. See online help for details. (compiling source file ..\..\..\addons\ofxOsc\libs\oscpack\src\ip\IpEndpointName.cpp)
  C:\Program Files (x86)\Windows Kits\10\Include\10.0.10240.0\ucrt\stdio.h(1769): note: see declaration of 'sprintf' (compiling source file ..\..\..\addons\ofxOsc\libs\oscpack\src\ip\IpEndpointName.cpp)
..\..\..\addons\ofxOsc\libs\oscpack\src\ip\IpEndpointName.cpp(56): warning C4996: 'sprintf': This function or variable may be unsafe. Consider using sprintf_s instead. To disable deprecation, use _CRT_SECURE_NO_WARNINGS. See online help for details. (compiling source file ..\..\..\addons\ofxOsc\libs\oscpack\src\ip\IpEndpointName.cpp)
  C:\Program Files (x86)\Windows Kits\10\Include\10.0.10240.0\ucrt\stdio.h(1769): note: see declaration of 'sprintf' (compiling source file ..\..\..\addons\ofxOsc\libs\oscpack\src\ip\IpEndpointName.cpp)
..\..\..\addons\ofxOsc\libs\oscpack\src\ip\IpEndpointName.cpp(69): warning C4996: 'sprintf': This function or variable may be unsafe. Consider using sprintf_s instead. To disable deprecation, use _CRT_SECURE_NO_WARNINGS. See online help for details. (compiling source file ..\..\..\addons\ofxOsc\libs\oscpack\src\ip\IpEndpointName.cpp)
  C:\Program Files (x86)\Windows Kits\10\Include\10.0.10240.0\ucrt\stdio.h(1769): note: see declaration of 'sprintf' (compiling source file ..\..\..\addons\ofxOsc\libs\oscpack\src\ip\IpEndpointName.cpp)
..\..\..\addons\ofxOsc\libs\oscpack\src\ip\IpEndpointName.cpp(71): warning C4996: 'sprintf': This function or variable may be unsafe. Consider using sprintf_s instead. To disable deprecation, use _CRT_SECURE_NO_WARNINGS. See online help for details. (compiling source file ..\..\..\addons\ofxOsc\libs\oscpack\src\ip\IpEndpointName.cpp)
  C:\Program Files (x86)\Windows Kits\10\Include\10.0.10240.0\ucrt\stdio.h(1769): note: see declaration of 'sprintf' (compiling source file ..\..\..\addons\ofxOsc\libs\oscpack\src\ip\IpEndpointName.cpp)
..\..\..\addons\ofxOsc\libs\oscpack\src\ip\IpEndpointName.cpp(79): warning C4996: 'sprintf': This function or variable may be unsafe. Consider using sprintf_s instead. To disable deprecation, use _CRT_SECURE_NO_WARNINGS. See online help for details. (compiling source file ..\..\..\addons\ofxOsc\libs\oscpack\src\ip\IpEndpointName.cpp)
  C:\Program Files (x86)\Windows Kits\10\Include\10.0.10240.0\ucrt\stdio.h(1769): note: see declaration of 'sprintf' (compiling source file ..\..\..\addons\ofxOsc\libs\oscpack\src\ip\IpEndpointName.cpp)
..\..\..\addons\ofxOsc\libs\oscpack\src\ip\IpEndpointName.cpp(81): warning C4996: 'sprintf': This function or variable may be unsafe. Consider using sprintf_s instead. To disable deprecation, use _CRT_SECURE_NO_WARNINGS. See online help for details. (compiling source file ..\..\..\addons\ofxOsc\libs\oscpack\src\ip\IpEndpointName.cpp)
  C:\Program Files (x86)\Windows Kits\10\Include\10.0.10240.0\ucrt\stdio.h(1769): note: see declaration of 'sprintf' (compiling source file ..\..\..\addons\ofxOsc\libs\oscpack\src\ip\IpEndpointName.cpp)
  UdpSocket.cpp
..\..\..\addons\ofxOsc\libs\oscpack\src\ip\win32\NetworkingUtils.cpp(88): warning C4996: 'gethostbyname': Use getaddrinfo() or GetAddrInfoW() instead or define _WINSOCK_DEPRECATED_NO_WARNINGS to disable deprecated API warnings (compiling source file ..\..\..\addons\ofxOsc\libs\oscpack\src\ip\win32\NetworkingUtils.cpp)
  C:\Program Files (x86)\Windows Kits\8.1\Include\um\winsock2.h(2238): note: see declaration of 'gethostbyname' (compiling source file ..\..\..\addons\ofxOsc\libs\oscpack\src\ip\win32\NetworkingUtils.cpp)
  OscOutboundPacketStream.cpp
..\..\..\addons\ofxOsc\libs\oscpack\src\osc\OscOutboundPacketStream.cpp(363): warning C4996: 'strcpy': This function or variable may be unsafe. Consider using strcpy_s instead. To disable deprecation, use _CRT_SECURE_NO_WARNINGS. See online help for details. (compiling source file ..\..\..\addons\ofxOsc\libs\oscpack\src\osc\OscOutboundPacketStream.cpp)
  C:\Program Files (x86)\Windows Kits\10\Include\10.0.10240.0\ucrt\string.h(119): note: see declaration of 'strcpy' (compiling source file ..\..\..\addons\ofxOsc\libs\oscpack\src\osc\OscOutboundPacketStream.cpp)
..\..\..\addons\ofxOsc\libs\oscpack\src\osc\OscOutboundPacketStream.cpp(605): warning C4996: 'strcpy': This function or variable may be unsafe. Consider using strcpy_s instead. To disable deprecation, use _CRT_SECURE_NO_WARNINGS. See online help for details. (compiling source file ..\..\..\addons\ofxOsc\libs\oscpack\src\osc\OscOutboundPacketStream.cpp)
  C:\Program Files (x86)\Windows Kits\10\Include\10.0.10240.0\ucrt\string.h(119): note: see declaration of 'strcpy' (compiling source file ..\..\..\addons\ofxOsc\libs\oscpack\src\osc\OscOutboundPacketStream.cpp)
..\..\..\addons\ofxOsc\libs\oscpack\src\osc\OscOutboundPacketStream.cpp(625): warning C4996: 'strcpy': This function or variable may be unsafe. Consider using strcpy_s instead. To disable deprecation, use _CRT_SECURE_NO_WARNINGS. See online help for details. (compiling source file ..\..\..\addons\ofxOsc\libs\oscpack\src\osc\OscOutboundPacketStream.cpp)
  C:\Program Files (x86)\Windows Kits\10\Include\10.0.10240.0\ucrt\string.h(119): note: see declaration of 'strcpy' (compiling source file ..\..\..\addons\ofxOsc\libs\oscpack\src\osc\OscOutboundPacketStream.cpp)
  OscPrintReceivedElements.cpp
  OscReceivedElements.cpp
..\..\..\addons\ofxOsc\libs\oscpack\src\osc\OscPrintReceivedElements.cpp(129): warning C4996: 'ctime': This function or variable may be unsafe. Consider using ctime_s instead. To disable deprecation, use _CRT_SECURE_NO_WARNINGS. See online help for details. (compiling source file ..\..\..\addons\ofxOsc\libs\oscpack\src\osc\OscPrintReceivedElements.cpp)
  C:\Program Files (x86)\Windows Kits\10\Include\10.0.10240.0\ucrt\time.h(475): note: see declaration of 'ctime' (compiling source file ..\..\..\addons\ofxOsc\libs\oscpack\src\osc\OscPrintReceivedElements.cpp)
  OscTypes.cpp
  ofxOscBundle.cpp
..\..\..\addons\ofxCsv\src\ofxCsv.cpp(100): warning C4018: '>': signed/unsigned mismatch (compiling source file ..\..\..\addons\ofxCsv\src\ofxCsv.cpp)
  ofxOscMessage.cpp
..\..\..\addons\ofxCsv\src\ofxCsv.cpp(213): warning C4018: '<': signed/unsigned mismatch (compiling source file ..\..\..\addons\ofxCsv\src\ofxCsv.cpp)
..\..\..\addons\ofxCsv\src\ofxCsv.cpp(238): warning C4018: '<': signed/unsigned mismatch (compiling source file ..\..\..\addons\ofxCsv\src\ofxCsv.cpp)
..\..\..\addons\ofxCsv\src\ofxCsv.cpp(287): warning C4018: '<': signed/unsigned mismatch (compiling source file ..\..\..\addons\ofxCsv\src\ofxCsv.cpp)
..\..\..\addons\ofxCsv\src\ofxCsv.cpp(385): warning C4018: '<': signed/unsigned mismatch (compiling source file ..\..\..\addons\ofxCsv\src\ofxCsv.cpp)
..\..\..\addons\ofxCsv\src\ofxCsv.cpp(424): warning C4018: '<=': signed/unsigned mismatch (compiling source file ..\..\..\addons\ofxCsv\src\ofxCsv.cpp)
..\..\..\addons\ofxCsv\src\ofxCsvRow.cpp(86): warning C4018: '<=': signed/unsigned mismatch (compiling source file ..\..\..\addons\ofxCsv\src\ofxCsvRow.cpp)
..\..\..\addons\ofxCsv\src\ofxCsvRow.cpp(116): warning C4018: '>=': signed/unsigned mismatch (compiling source file ..\..\..\addons\ofxCsv\src\ofxCsvRow.cpp)
..\..\..\addons\ofxCsv\src\ofxCsvRow.cpp(124): warning C4018: '>=': signed/unsigned mismatch (compiling source file ..\..\..\addons\ofxCsv\src\ofxCsvRow.cpp)
..\..\..\addons\ofxCsv\src\ofxCsvRow.cpp(132): warning C4018: '>=': signed/unsigned mismatch (compiling source file ..\..\..\addons\ofxCsv\src\ofxCsvRow.cpp)
..\..\..\addons\ofxCsv\src\ofxCsvRow.cpp(140): warning C4018: '>=': signed/unsigned mismatch (compiling source file ..\..\..\addons\ofxCsv\src\ofxCsvRow.cpp)
..\..\..\addons\ofxCsv\src\ofxCsvRow.cpp(223): warning C4018: '<': signed/unsigned mismatch (compiling source file ..\..\..\addons\ofxCsv\src\ofxCsvRow.cpp)
..\..\..\addons\ofxCsv\src\ofxCsvRow.cpp(355): warning C4018: '>': signed/unsigned mismatch (compiling source file ..\..\..\addons\ofxCsv\src\ofxCsvRow.cpp)
  ofxOscParameterSync.cpp
  ofxOscReceiver.cpp
  ofxOscSender.cpp
  ofxWin8Touch.cpp
  tinyxml.cpp
  tinyxmlerror.cpp
  tinyxmlparser.cpp
  ofxXmlSettings.cpp
  main.cpp
  ofApp.cpp
  touchObject.cpp
c:\users\laura\onedrive\04_version für weiterentwicklung\of_v0.9.8_vs_release\apps\myapps\tui-viz_stand 16.05.19\src\touchobject.cpp(803): warning C4715: 'touchObject::findTop': not all control paths return a value
  LINK : bin\oscTouchObject_debug.exe not found or not built by the last incremental link; performing full link
     Creating library bin\oscTouchObject_debug.lib and object bin\oscTouchObject_debug.exp
  oscTouchObject.vcxproj -> C:\Users\Laura\OneDrive\04_Version für Weiterentwicklung\of_v0.9.8_vs_release\apps\myApps\TUI-Viz_Stand 16.05.19\bin\oscTouchObject_debug.exe
  oscTouchObject.vcxproj -> bin\oscTouchObject_debug.pdb (Full PDB)
  
  	                   9	C:\Users\Laura\OneDrive\04_Version für Weiterentwicklung\of_v0.9.8_vs_release\export\vs\Win32\
